已經開始建置於 2016/1/7 下午 06:11:31。
     1>節點 2 (build 目標) 上的專案 "C:\Users\user\Desktop\學校\二年級\物件導向\專案\hw5_2\hw5_2\hw5_2.vcxproj"。
     1>PrepareForBuild:
         正在建立目錄 "C:\Users\user\Desktop\學校\二年級\物件導向\專案\hw5_2\Debug\"。
       InitializeBuildStatus:
         由於指定了 "AlwaysCreate"，因此正在建立 "Debug\hw5_2.unsuccessfulbuild"。
       ClCompile:
         C:\Program Files (x86)\Microsoft Visual Studio 10.0\VC\bin\CL.exe /c /ZI /nologo /W3 /WX- /Od /Oy- /D WIN32 /D _DEBUG /D _CONSOLE /D _UNICODE /D UNICODE /Gm /EHsc /RTC1 /MDd /GS /fp:precise /Zc:wchar_t /Zc:forScope /Fo"Debug\\" /Fd"Debug\vc100.pdb" /Gd /TP /analyze- /errorReport:prompt account.cpp checkingaccount.cpp savingsAccount.cpp test.cpp
         test.cpp
         savingsAccount.cpp
         checkingaccount.cpp
         account.cpp
         正在產生程式碼...
       ManifestResourceCompile:
         C:\Program Files (x86)\Microsoft SDKs\Windows\v7.0A\bin\rc.exe /nologo /fo"Debug\hw5_2.exe.embed.manifest.res" Debug\hw5_2_manifest.rc 
       Link:
         C:\Program Files (x86)\Microsoft Visual Studio 10.0\VC\bin\link.exe /ERRORREPORT:PROMPT /OUT:"C:\Users\user\Desktop\學校\二年級\物件導向\專案\hw5_2\Debug\hw5_2.exe" /INCREMENTAL /NOLOGO kernel32.lib user32.lib gdi32.lib winspool.lib comdlg32.lib advapi32.lib shell32.lib ole32.lib oleaut32.lib uuid.lib odbc32.lib odbccp32.lib /MANIFEST /ManifestFile:"Debug\hw5_2.exe.intermediate.manifest" /MANIFESTUAC:"level='asInvoker' uiAccess='false'" /DEBUG /PDB:"C:\Users\user\Desktop\學校\二年級\物件導向\專案\hw5_2\Debug\hw5_2.pdb" /SUBSYSTEM:CONSOLE /TLBID:1 /DYNAMICBASE /NXCOMPAT /IMPLIB:"C:\Users\user\Desktop\學校\二年級\物件導向\專案\hw5_2\Debug\hw5_2.lib" /MACHINE:X86 Debug\hw5_2.exe.embed.manifest.res
         Debug\account.obj
         Debug\checkingaccount.obj
         Debug\savingsAccount.obj
         Debug\test.obj
       Manifest:
         C:\Program Files (x86)\Microsoft SDKs\Windows\v7.0A\bin\mt.exe /nologo /verbose /out:"Debug\hw5_2.exe.embed.manifest" /manifest Debug\hw5_2.exe.intermediate.manifest
         C:\Program Files (x86)\Microsoft SDKs\Windows\v7.0A\bin\rc.exe /nologo /fo"Debug\hw5_2.exe.embed.manifest.res" Debug\hw5_2_manifest.rc 
       LinkEmbedManifest:
         C:\Program Files (x86)\Microsoft Visual Studio 10.0\VC\bin\link.exe /ERRORREPORT:PROMPT /OUT:"C:\Users\user\Desktop\學校\二年級\物件導向\專案\hw5_2\Debug\hw5_2.exe" /INCREMENTAL /NOLOGO kernel32.lib user32.lib gdi32.lib winspool.lib comdlg32.lib advapi32.lib shell32.lib ole32.lib oleaut32.lib uuid.lib odbc32.lib odbccp32.lib /MANIFEST /ManifestFile:"Debug\hw5_2.exe.intermediate.manifest" /MANIFESTUAC:"level='asInvoker' uiAccess='false'" /DEBUG /PDB:"C:\Users\user\Desktop\學校\二年級\物件導向\專案\hw5_2\Debug\hw5_2.pdb" /SUBSYSTEM:CONSOLE /TLBID:1 /DYNAMICBASE /NXCOMPAT /IMPLIB:"C:\Users\user\Desktop\學校\二年級\物件導向\專案\hw5_2\Debug\hw5_2.lib" /MACHINE:X86 Debug\hw5_2.exe.embed.manifest.res
         Debug\account.obj
         Debug\checkingaccount.obj
         Debug\savingsAccount.obj
         Debug\test.obj
         hw5_2.vcxproj -> C:\Users\user\Desktop\學校\二年級\物件導向\專案\hw5_2\Debug\hw5_2.exe
       FinalizeBuildStatus:
         正在刪除檔案 "Debug\hw5_2.unsuccessfulbuild"。
         正在變更時間戳記 "Debug\hw5_2.lastbuildstate"。
     1>專案 "C:\Users\user\Desktop\學校\二年級\物件導向\專案\hw5_2\hw5_2\hw5_2.vcxproj" (build 目標) 建置完成。

建置成功。

經過時間 00:00:04.18
