已經開始建置於 2015/10/14 上午 10:55:24。
     1>節點 2 (build 目標) 上的專案 "c:\Users\user\documents\visual studio 2010\Projects\hw1-2\hw1-2\hw1-2.vcxproj"。
     1>InitializeBuildStatus:
         正在變更時間戳記 "Debug\hw1-2.unsuccessfulbuild"。
       ClCompile:
         C:\Program Files (x86)\Microsoft Visual Studio 10.0\VC\bin\CL.exe /c /ZI /nologo /W3 /WX- /Od /Oy- /D WIN32 /D _DEBUG /D _CONSOLE /D _UNICODE /D UNICODE /Gm /EHsc /RTC1 /MDd /GS /fp:precise /Zc:wchar_t /Zc:forScope /Fo"Debug\\" /Fd"Debug\vc100.pdb" /Gd /TP /analyze- /errorReport:prompt 2.cpp
         2.cpp
       ManifestResourceCompile:
         所有輸出都是最新的。
       Link:
         C:\Program Files (x86)\Microsoft Visual Studio 10.0\VC\bin\link.exe /ERRORREPORT:PROMPT /OUT:"c:\users\user\documents\visual studio 2010\Projects\hw1-2\Debug\hw1-2.exe" /INCREMENTAL /NOLOGO kernel32.lib user32.lib gdi32.lib winspool.lib comdlg32.lib advapi32.lib shell32.lib ole32.lib oleaut32.lib uuid.lib odbc32.lib odbccp32.lib /MANIFEST /ManifestFile:"Debug\hw1-2.exe.intermediate.manifest" /MANIFESTUAC:"level='asInvoker' uiAccess='false'" /DEBUG /PDB:"c:\users\user\documents\visual studio 2010\Projects\hw1-2\Debug\hw1-2.pdb" /SUBSYSTEM:CONSOLE /TLBID:1 /DYNAMICBASE /NXCOMPAT /IMPLIB:"c:\users\user\documents\visual studio 2010\Projects\hw1-2\Debug\hw1-2.lib" /MACHINE:X86 "Debug\hw1-2.exe.embed.manifest.res"
         Debug\2.obj
       Manifest:
         C:\Program Files (x86)\Microsoft SDKs\Windows\v7.0A\bin\mt.exe /nologo /verbose /out:"Debug\hw1-2.exe.embed.manifest" /manifest "Debug\hw1-2.exe.intermediate.manifest"
         C:\Program Files (x86)\Microsoft SDKs\Windows\v7.0A\bin\rc.exe /nologo /fo"Debug\hw1-2.exe.embed.manifest.res" Debug\hw1-2_manifest.rc 
       LinkEmbedManifest:
         C:\Program Files (x86)\Microsoft Visual Studio 10.0\VC\bin\link.exe /ERRORREPORT:PROMPT /OUT:"c:\users\user\documents\visual studio 2010\Projects\hw1-2\Debug\hw1-2.exe" /INCREMENTAL /NOLOGO kernel32.lib user32.lib gdi32.lib winspool.lib comdlg32.lib advapi32.lib shell32.lib ole32.lib oleaut32.lib uuid.lib odbc32.lib odbccp32.lib /MANIFEST /ManifestFile:"Debug\hw1-2.exe.intermediate.manifest" /MANIFESTUAC:"level='asInvoker' uiAccess='false'" /DEBUG /PDB:"c:\users\user\documents\visual studio 2010\Projects\hw1-2\Debug\hw1-2.pdb" /SUBSYSTEM:CONSOLE /TLBID:1 /DYNAMICBASE /NXCOMPAT /IMPLIB:"c:\users\user\documents\visual studio 2010\Projects\hw1-2\Debug\hw1-2.lib" /MACHINE:X86 "Debug\hw1-2.exe.embed.manifest.res"
         Debug\2.obj
         hw1-2.vcxproj -> c:\users\user\documents\visual studio 2010\Projects\hw1-2\Debug\hw1-2.exe
       FinalizeBuildStatus:
         正在刪除檔案 "Debug\hw1-2.unsuccessfulbuild"。
         正在變更時間戳記 "Debug\hw1-2.lastbuildstate"。
     1>專案 "c:\Users\user\documents\visual studio 2010\Projects\hw1-2\hw1-2\hw1-2.vcxproj" (build 目標) 建置完成。

建置成功。

經過時間 00:00:01.17
